<?xml version="1.0" encoding="UTF-8"?>
<!-- Generated by org.testng.reporters.JUnitReportReporter -->
<testsuite hostname="PTDELL0040" failures="0" tests="4" name="api.test.UserTests" time="7.208" errors="0" timestamp="2024-02-23T14:44:08 IST" skipped="0">
  <testcase classname="api.test.UserTests" name="testCreateUser" time="3.728"/>
  <system-out/>
  <testcase classname="api.test.UserTests" name="testgetUser" time="1.124"/>
  <system-out/>
  <testcase classname="api.test.UserTests" name="testUpdateUser" time="1.222"/>
  <system-out/>
  <testcase classname="api.test.UserTests" name="testDeleteUser" time="1.134"/>
  <system-out/>
</testsuite> <!-- api.test.UserTests -->
